/home/luky/ros2_ws/src/ackermann_robot/install/ackermann_robot/lib/python3.12/site-packages/ackermann_robot/ps4_teleop.py
/home/luky/ros2_ws/src/ackermann_robot/install/ackermann_robot/lib/python3.12/site-packages/ackermann_robot/ackermann_driver.py
/home/luky/ros2_ws/src/ackermann_robot/install/ackermann_robot/lib/python3.12/site-packages/ackermann_robot/__init__.py
/home/luky/ros2_ws/src/ackermann_robot/install/ackermann_robot/lib/python3.12/site-packages/ackermann_robot/__pycache__/ps4_teleop.cpython-312.pyc
/home/luky/ros2_ws/src/ackermann_robot/install/ackermann_robot/lib/python3.12/site-packages/ackermann_robot/__pycache__/ackermann_driver.cpython-312.pyc
/home/luky/ros2_ws/src/ackermann_robot/install/ackermann_robot/lib/python3.12/site-packages/ackermann_robot/__pycache__/__init__.cpython-312.pyc
/home/luky/ros2_ws/src/ackermann_robot/install/ackermann_robot/share/ament_index/resource_index/packages/ackermann_robot
/home/luky/ros2_ws/src/ackermann_robot/install/ackermann_robot/share/ackermann_robot/package.xml
/home/luky/ros2_ws/src/ackermann_robot/install/ackermann_robot/share/ackermann_robot/launch/bringup.launch.py
/home/luky/ros2_ws/src/ackermann_robot/install/ackermann_robot/share/ackermann_robot/launch/ld19_rf2o.launch.py
/home/luky/ros2_ws/src/ackermann_robot/install/ackermann_robot/share/ackermann_robot/config/slam_toolbox_online_async.yaml
/home/luky/ros2_ws/src/ackermann_robot/install/ackermann_robot/lib/python3.12/site-packages/ackermann_robot-0.0.0-py3.12.egg-info/dependency_links.txt
/home/luky/ros2_ws/src/ackermann_robot/install/ackermann_robot/lib/python3.12/site-packages/ackermann_robot-0.0.0-py3.12.egg-info/PKG-INFO
/home/luky/ros2_ws/src/ackermann_robot/install/ackermann_robot/lib/python3.12/site-packages/ackermann_robot-0.0.0-py3.12.egg-info/entry_points.txt
/home/luky/ros2_ws/src/ackermann_robot/install/ackermann_robot/lib/python3.12/site-packages/ackermann_robot-0.0.0-py3.12.egg-info/top_level.txt
/home/luky/ros2_ws/src/ackermann_robot/install/ackermann_robot/lib/python3.12/site-packages/ackermann_robot-0.0.0-py3.12.egg-info/requires.txt
/home/luky/ros2_ws/src/ackermann_robot/install/ackermann_robot/lib/python3.12/site-packages/ackermann_robot-0.0.0-py3.12.egg-info/zip-safe
/home/luky/ros2_ws/src/ackermann_robot/install/ackermann_robot/lib/python3.12/site-packages/ackermann_robot-0.0.0-py3.12.egg-info/SOURCES.txt
/home/luky/ros2_ws/src/ackermann_robot/install/ackermann_robot/lib/ackermann_robot/ackermann_driver
/home/luky/ros2_ws/src/ackermann_robot/install/ackermann_robot/lib/ackermann_robot/ps4_teleop
