running egg_info
creating build/ackermann_robot/ackermann_robot.egg-info
writing build/ackermann_robot/ackermann_robot.egg-info/PKG-INFO
writing dependency_links to build/ackermann_robot/ackermann_robot.egg-info/dependency_links.txt
writing entry points to build/ackermann_robot/ackermann_robot.egg-info/entry_points.txt
writing requirements to build/ackermann_robot/ackermann_robot.egg-info/requires.txt
writing top-level names to build/ackermann_robot/ackermann_robot.egg-info/top_level.txt
writing manifest file 'build/ackermann_robot/ackermann_robot.egg-info/SOURCES.txt'
reading manifest file 'build/ackermann_robot/ackermann_robot.egg-info/SOURCES.txt'
writing manifest file 'build/ackermann_robot/ackermann_robot.egg-info/SOURCES.txt'
running build
running build_py
creating /home/luky/ros2_ws/src/ackermann_robot/build/ackermann_robot/build
creating /home/luky/ros2_ws/src/ackermann_robot/build/ackermann_robot/build/lib
creating /home/luky/ros2_ws/src/ackermann_robot/build/ackermann_robot/build/lib/ackermann_robot
copying ackermann_robot/ps4_teleop.py -> /home/luky/ros2_ws/src/ackermann_robot/build/ackermann_robot/build/lib/ackermann_robot
copying ackermann_robot/ackermann_driver.py -> /home/luky/ros2_ws/src/ackermann_robot/build/ackermann_robot/build/lib/ackermann_robot
copying ackermann_robot/__init__.py -> /home/luky/ros2_ws/src/ackermann_robot/build/ackermann_robot/build/lib/ackermann_robot
running install
running install_lib
creating /home/luky/ros2_ws/src/ackermann_robot/install/ackermann_robot/lib/python3.12/site-packages/ackermann_robot
copying /home/luky/ros2_ws/src/ackermann_robot/build/ackermann_robot/build/lib/ackermann_robot/ps4_teleop.py -> /home/luky/ros2_ws/src/ackermann_robot/install/ackermann_robot/lib/python3.12/site-packages/ackermann_robot
copying /home/luky/ros2_ws/src/ackermann_robot/build/ackermann_robot/build/lib/ackermann_robot/ackermann_driver.py -> /home/luky/ros2_ws/src/ackermann_robot/install/ackermann_robot/lib/python3.12/site-packages/ackermann_robot
copying /home/luky/ros2_ws/src/ackermann_robot/build/ackermann_robot/build/lib/ackermann_robot/__init__.py -> /home/luky/ros2_ws/src/ackermann_robot/install/ackermann_robot/lib/python3.12/site-packages/ackermann_robot
byte-compiling /home/luky/ros2_ws/src/ackermann_robot/install/ackermann_robot/lib/python3.12/site-packages/ackermann_robot/ps4_teleop.py to ps4_teleop.cpython-312.pyc
byte-compiling /home/luky/ros2_ws/src/ackermann_robot/install/ackermann_robot/lib/python3.12/site-packages/ackermann_robot/ackermann_driver.py to ackermann_driver.cpython-312.pyc
byte-compiling /home/luky/ros2_ws/src/ackermann_robot/install/ackermann_robot/lib/python3.12/site-packages/ackermann_robot/__init__.py to __init__.cpython-312.pyc
running install_data
creating /home/luky/ros2_ws/src/ackermann_robot/install/ackermann_robot/share/ament_index
creating /home/luky/ros2_ws/src/ackermann_robot/install/ackermann_robot/share/ament_index/resource_index
creating /home/luky/ros2_ws/src/ackermann_robot/install/ackermann_robot/share/ament_index/resource_index/packages
copying resource/ackermann_robot -> /home/luky/ros2_ws/src/ackermann_robot/install/ackermann_robot/share/ament_index/resource_index/packages
copying package.xml -> /home/luky/ros2_ws/src/ackermann_robot/install/ackermann_robot/share/ackermann_robot
creating /home/luky/ros2_ws/src/ackermann_robot/install/ackermann_robot/share/ackermann_robot/launch
copying launch/bringup.launch.py -> /home/luky/ros2_ws/src/ackermann_robot/install/ackermann_robot/share/ackermann_robot/launch
copying launch/ld19_rf2o.launch.py -> /home/luky/ros2_ws/src/ackermann_robot/install/ackermann_robot/share/ackermann_robot/launch
creating /home/luky/ros2_ws/src/ackermann_robot/install/ackermann_robot/share/ackermann_robot/config
copying config/slam_toolbox_online_async.yaml -> /home/luky/ros2_ws/src/ackermann_robot/install/ackermann_robot/share/ackermann_robot/config
running install_egg_info
Copying build/ackermann_robot/ackermann_robot.egg-info to /home/luky/ros2_ws/src/ackermann_robot/install/ackermann_robot/lib/python3.12/site-packages/ackermann_robot-0.0.0-py3.12.egg-info
running install_scripts
Installing ackermann_driver script to /home/luky/ros2_ws/src/ackermann_robot/install/ackermann_robot/lib/ackermann_robot
Installing ps4_teleop script to /home/luky/ros2_ws/src/ackermann_robot/install/ackermann_robot/lib/ackermann_robot
writing list of installed files to '/home/luky/ros2_ws/src/ackermann_robot/build/ackermann_robot/install.log'
