[1.056s] Invoking command in '/home/luky/ros2_ws/src/ackermann_robot': PYTHONPATH=/home/luky/ros2_ws/src/ackermann_robot/build/ackermann_robot/prefix_override:/usr/lib/python3/dist-packages/colcon_core/task/python/colcon_distutils_commands:/home/luky/ros2_ws/src/ackermann_robot/install/ackermann_robot/lib/python3.12/site-packages:${PYTHONPATH} /usr/bin/python3 -W ignore:setup.py install is deprecated -W ignore:easy_install command is deprecated setup.py egg_info --egg-base build/ackermann_robot build --build-base /home/luky/ros2_ws/src/ackermann_robot/build/ackermann_robot/build install --record /home/luky/ros2_ws/src/ackermann_robot/build/ackermann_robot/install.log --single-version-externally-managed install_data
[1.364s] running egg_info
[1.364s] creating build/ackermann_robot/ackermann_robot.egg-info
[1.385s] writing build/ackermann_robot/ackermann_robot.egg-info/PKG-INFO
[1.386s] writing dependency_links to build/ackermann_robot/ackermann_robot.egg-info/dependency_links.txt
[1.386s] writing entry points to build/ackermann_robot/ackermann_robot.egg-info/entry_points.txt
[1.386s] writing requirements to build/ackermann_robot/ackermann_robot.egg-info/requires.txt
[1.386s] writing top-level names to build/ackermann_robot/ackermann_robot.egg-info/top_level.txt
[1.386s] writing manifest file 'build/ackermann_robot/ackermann_robot.egg-info/SOURCES.txt'
[1.430s] reading manifest file 'build/ackermann_robot/ackermann_robot.egg-info/SOURCES.txt'
[1.430s] writing manifest file 'build/ackermann_robot/ackermann_robot.egg-info/SOURCES.txt'
[1.431s] running build
[1.431s] running build_py
[1.431s] creating /home/luky/ros2_ws/src/ackermann_robot/build/ackermann_robot/build
[1.431s] creating /home/luky/ros2_ws/src/ackermann_robot/build/ackermann_robot/build/lib
[1.431s] creating /home/luky/ros2_ws/src/ackermann_robot/build/ackermann_robot/build/lib/ackermann_robot
[1.431s] copying ackermann_robot/ps4_teleop.py -> /home/luky/ros2_ws/src/ackermann_robot/build/ackermann_robot/build/lib/ackermann_robot
[1.431s] copying ackermann_robot/ackermann_driver.py -> /home/luky/ros2_ws/src/ackermann_robot/build/ackermann_robot/build/lib/ackermann_robot
[1.432s] copying ackermann_robot/__init__.py -> /home/luky/ros2_ws/src/ackermann_robot/build/ackermann_robot/build/lib/ackermann_robot
[1.432s] running install
[1.440s] running install_lib
[1.463s] creating /home/luky/ros2_ws/src/ackermann_robot/install/ackermann_robot/lib/python3.12/site-packages/ackermann_robot
[1.463s] copying /home/luky/ros2_ws/src/ackermann_robot/build/ackermann_robot/build/lib/ackermann_robot/ps4_teleop.py -> /home/luky/ros2_ws/src/ackermann_robot/install/ackermann_robot/lib/python3.12/site-packages/ackermann_robot
[1.463s] copying /home/luky/ros2_ws/src/ackermann_robot/build/ackermann_robot/build/lib/ackermann_robot/ackermann_driver.py -> /home/luky/ros2_ws/src/ackermann_robot/install/ackermann_robot/lib/python3.12/site-packages/ackermann_robot
[1.463s] copying /home/luky/ros2_ws/src/ackermann_robot/build/ackermann_robot/build/lib/ackermann_robot/__init__.py -> /home/luky/ros2_ws/src/ackermann_robot/install/ackermann_robot/lib/python3.12/site-packages/ackermann_robot
[1.464s] byte-compiling /home/luky/ros2_ws/src/ackermann_robot/install/ackermann_robot/lib/python3.12/site-packages/ackermann_robot/ps4_teleop.py to ps4_teleop.cpython-312.pyc
[1.467s] byte-compiling /home/luky/ros2_ws/src/ackermann_robot/install/ackermann_robot/lib/python3.12/site-packages/ackermann_robot/ackermann_driver.py to ackermann_driver.cpython-312.pyc
[1.471s] byte-compiling /home/luky/ros2_ws/src/ackermann_robot/install/ackermann_robot/lib/python3.12/site-packages/ackermann_robot/__init__.py to __init__.cpython-312.pyc
[1.471s] running install_data
[1.471s] creating /home/luky/ros2_ws/src/ackermann_robot/install/ackermann_robot/share/ament_index
[1.471s] creating /home/luky/ros2_ws/src/ackermann_robot/install/ackermann_robot/share/ament_index/resource_index
[1.471s] creating /home/luky/ros2_ws/src/ackermann_robot/install/ackermann_robot/share/ament_index/resource_index/packages
[1.471s] copying resource/ackermann_robot -> /home/luky/ros2_ws/src/ackermann_robot/install/ackermann_robot/share/ament_index/resource_index/packages
[1.471s] copying package.xml -> /home/luky/ros2_ws/src/ackermann_robot/install/ackermann_robot/share/ackermann_robot
[1.472s] creating /home/luky/ros2_ws/src/ackermann_robot/install/ackermann_robot/share/ackermann_robot/launch
[1.472s] copying launch/bringup.launch.py -> /home/luky/ros2_ws/src/ackermann_robot/install/ackermann_robot/share/ackermann_robot/launch
[1.472s] copying launch/ld19_rf2o.launch.py -> /home/luky/ros2_ws/src/ackermann_robot/install/ackermann_robot/share/ackermann_robot/launch
[1.472s] creating /home/luky/ros2_ws/src/ackermann_robot/install/ackermann_robot/share/ackermann_robot/config
[1.472s] copying config/slam_toolbox_online_async.yaml -> /home/luky/ros2_ws/src/ackermann_robot/install/ackermann_robot/share/ackermann_robot/config
[1.472s] running install_egg_info
[1.496s] Copying build/ackermann_robot/ackermann_robot.egg-info to /home/luky/ros2_ws/src/ackermann_robot/install/ackermann_robot/lib/python3.12/site-packages/ackermann_robot-0.0.0-py3.12.egg-info
[1.496s] running install_scripts
[1.651s] Installing ackermann_driver script to /home/luky/ros2_ws/src/ackermann_robot/install/ackermann_robot/lib/ackermann_robot
[1.652s] Installing ps4_teleop script to /home/luky/ros2_ws/src/ackermann_robot/install/ackermann_robot/lib/ackermann_robot
[1.652s] writing list of installed files to '/home/luky/ros2_ws/src/ackermann_robot/build/ackermann_robot/install.log'
[1.747s] Invoked command in '/home/luky/ros2_ws/src/ackermann_robot' returned '0': PYTHONPATH=/home/luky/ros2_ws/src/ackermann_robot/build/ackermann_robot/prefix_override:/usr/lib/python3/dist-packages/colcon_core/task/python/colcon_distutils_commands:/home/luky/ros2_ws/src/ackermann_robot/install/ackermann_robot/lib/python3.12/site-packages:${PYTHONPATH} /usr/bin/python3 -W ignore:setup.py install is deprecated -W ignore:easy_install command is deprecated setup.py egg_info --egg-base build/ackermann_robot build --build-base /home/luky/ros2_ws/src/ackermann_robot/build/ackermann_robot/build install --record /home/luky/ros2_ws/src/ackermann_robot/build/ackermann_robot/install.log --single-version-externally-managed install_data
