[1.074s] Invoking command in '/home/luky/ros2_ws/src/ackermann_robot': PYTHONPATH=/home/luky/ros2_ws/src/ackermann_robot/build/ackermann_robot/prefix_override:/usr/lib/python3/dist-packages/colcon_core/task/python/colcon_distutils_commands:/home/luky/ros2_ws/src/ackermann_robot/install/ackermann_robot/lib/python3.12/site-packages:${PYTHONPATH} /usr/bin/python3 -W ignore:setup.py install is deprecated -W ignore:easy_install command is deprecated setup.py egg_info --egg-base build/ackermann_robot build --build-base /home/luky/ros2_ws/src/ackermann_robot/build/ackermann_robot/build install --record /home/luky/ros2_ws/src/ackermann_robot/build/ackermann_robot/install.log --single-version-externally-managed install_data
[1.385s] running egg_info
[1.406s] writing build/ackermann_robot/ackermann_robot.egg-info/PKG-INFO
[1.406s] writing dependency_links to build/ackermann_robot/ackermann_robot.egg-info/dependency_links.txt
[1.418s] writing entry points to build/ackermann_robot/ackermann_robot.egg-info/entry_points.txt
[1.419s] writing requirements to build/ackermann_robot/ackermann_robot.egg-info/requires.txt
[1.421s] writing top-level names to build/ackermann_robot/ackermann_robot.egg-info/top_level.txt
[1.471s] reading manifest file 'build/ackermann_robot/ackermann_robot.egg-info/SOURCES.txt'
[1.472s] writing manifest file 'build/ackermann_robot/ackermann_robot.egg-info/SOURCES.txt'
[1.472s] running build
[1.472s] running build_py
[1.473s] copying ackermann_robot/ackermann_driver.py -> /home/luky/ros2_ws/src/ackermann_robot/build/ackermann_robot/build/lib/ackermann_robot
[1.473s] running install
[1.481s] running install_lib
[1.504s] copying /home/luky/ros2_ws/src/ackermann_robot/build/ackermann_robot/build/lib/ackermann_robot/ackermann_driver.py -> /home/luky/ros2_ws/src/ackermann_robot/install/ackermann_robot/lib/python3.12/site-packages/ackermann_robot
[1.505s] byte-compiling /home/luky/ros2_ws/src/ackermann_robot/install/ackermann_robot/lib/python3.12/site-packages/ackermann_robot/ackermann_driver.py to ackermann_driver.cpython-312.pyc
[1.509s] running install_data
[1.509s] running install_egg_info
[1.534s] removing '/home/luky/ros2_ws/src/ackermann_robot/install/ackermann_robot/lib/python3.12/site-packages/ackermann_robot-0.0.0-py3.12.egg-info' (and everything under it)
[1.534s] Copying build/ackermann_robot/ackermann_robot.egg-info to /home/luky/ros2_ws/src/ackermann_robot/install/ackermann_robot/lib/python3.12/site-packages/ackermann_robot-0.0.0-py3.12.egg-info
[1.535s] running install_scripts
[1.691s] Installing ackermann_driver script to /home/luky/ros2_ws/src/ackermann_robot/install/ackermann_robot/lib/ackermann_robot
[1.692s] Installing ps4_teleop script to /home/luky/ros2_ws/src/ackermann_robot/install/ackermann_robot/lib/ackermann_robot
[1.700s] writing list of installed files to '/home/luky/ros2_ws/src/ackermann_robot/build/ackermann_robot/install.log'
[1.790s] Invoked command in '/home/luky/ros2_ws/src/ackermann_robot' returned '0': PYTHONPATH=/home/luky/ros2_ws/src/ackermann_robot/build/ackermann_robot/prefix_override:/usr/lib/python3/dist-packages/colcon_core/task/python/colcon_distutils_commands:/home/luky/ros2_ws/src/ackermann_robot/install/ackermann_robot/lib/python3.12/site-packages:${PYTHONPATH} /usr/bin/python3 -W ignore:setup.py install is deprecated -W ignore:easy_install command is deprecated setup.py egg_info --egg-base build/ackermann_robot build --build-base /home/luky/ros2_ws/src/ackermann_robot/build/ackermann_robot/build install --record /home/luky/ros2_ws/src/ackermann_robot/build/ackermann_robot/install.log --single-version-externally-managed install_data
