[1.086s] Invoking command in '/home/luky/ros2_ws/src/ackermann_robot': PYTHONPATH=/home/luky/ros2_ws/src/ackermann_robot/build/ackermann_robot/prefix_override:/usr/lib/python3/dist-packages/colcon_core/task/python/colcon_distutils_commands:/home/luky/ros2_ws/src/ackermann_robot/install/ackermann_robot/lib/python3.12/site-packages:${PYTHONPATH} /usr/bin/python3 -W ignore:setup.py install is deprecated -W ignore:easy_install command is deprecated setup.py egg_info --egg-base build/ackermann_robot build --build-base /home/luky/ros2_ws/src/ackermann_robot/build/ackermann_robot/build install --record /home/luky/ros2_ws/src/ackermann_robot/build/ackermann_robot/install.log --single-version-externally-managed install_data
[1.401s] running egg_info
[1.423s] writing build/ackermann_robot/ackermann_robot.egg-info/PKG-INFO
[1.424s] writing dependency_links to build/ackermann_robot/ackermann_robot.egg-info/dependency_links.txt
[1.430s] writing entry points to build/ackermann_robot/ackermann_robot.egg-info/entry_points.txt
[1.431s] writing requirements to build/ackermann_robot/ackermann_robot.egg-info/requires.txt
[1.431s] writing top-level names to build/ackermann_robot/ackermann_robot.egg-info/top_level.txt
[1.481s] reading manifest file 'build/ackermann_robot/ackermann_robot.egg-info/SOURCES.txt'
[1.482s] writing manifest file 'build/ackermann_robot/ackermann_robot.egg-info/SOURCES.txt'
[1.483s] running build
[1.483s] running build_py
[1.483s] copying ackermann_robot/ackermann_driver.py -> /home/luky/ros2_ws/src/ackermann_robot/build/ackermann_robot/build/lib/ackermann_robot
[1.484s] running install
[1.492s] running install_lib
[1.515s] copying /home/luky/ros2_ws/src/ackermann_robot/build/ackermann_robot/build/lib/ackermann_robot/ackermann_driver.py -> /home/luky/ros2_ws/src/ackermann_robot/install/ackermann_robot/lib/python3.12/site-packages/ackermann_robot
[1.516s] byte-compiling /home/luky/ros2_ws/src/ackermann_robot/install/ackermann_robot/lib/python3.12/site-packages/ackermann_robot/ackermann_driver.py to ackermann_driver.cpython-312.pyc
[1.521s] Sorry: IndentationError: expected an indented block after function definition on line 294 (ackermann_driver.py, line 295)
[1.521s] running install_data
[1.521s] copying launch/bringup.launch.py -> /home/luky/ros2_ws/src/ackermann_robot/install/ackermann_robot/share/ackermann_robot/launch
[1.521s] copying launch/navigation.launch.py -> /home/luky/ros2_ws/src/ackermann_robot/install/ackermann_robot/share/ackermann_robot/launch
[1.521s] copying config/nav2_params.yaml -> /home/luky/ros2_ws/src/ackermann_robot/install/ackermann_robot/share/ackermann_robot/config
[1.522s] running install_egg_info
[1.545s] removing '/home/luky/ros2_ws/src/ackermann_robot/install/ackermann_robot/lib/python3.12/site-packages/ackermann_robot-0.0.0-py3.12.egg-info' (and everything under it)
[1.546s] Copying build/ackermann_robot/ackermann_robot.egg-info to /home/luky/ros2_ws/src/ackermann_robot/install/ackermann_robot/lib/python3.12/site-packages/ackermann_robot-0.0.0-py3.12.egg-info
[1.547s] running install_scripts
[1.705s] Installing ackermann_driver script to /home/luky/ros2_ws/src/ackermann_robot/install/ackermann_robot/lib/ackermann_robot
[1.705s] Installing ps4_teleop script to /home/luky/ros2_ws/src/ackermann_robot/install/ackermann_robot/lib/ackermann_robot
[1.714s] writing list of installed files to '/home/luky/ros2_ws/src/ackermann_robot/build/ackermann_robot/install.log'
[1.807s] Invoked command in '/home/luky/ros2_ws/src/ackermann_robot' returned '0': PYTHONPATH=/home/luky/ros2_ws/src/ackermann_robot/build/ackermann_robot/prefix_override:/usr/lib/python3/dist-packages/colcon_core/task/python/colcon_distutils_commands:/home/luky/ros2_ws/src/ackermann_robot/install/ackermann_robot/lib/python3.12/site-packages:${PYTHONPATH} /usr/bin/python3 -W ignore:setup.py install is deprecated -W ignore:easy_install command is deprecated setup.py egg_info --egg-base build/ackermann_robot build --build-base /home/luky/ros2_ws/src/ackermann_robot/build/ackermann_robot/build install --record /home/luky/ros2_ws/src/ackermann_robot/build/ackermann_robot/install.log --single-version-externally-managed install_data
